[debug] [2025-03-26T09:44:26.118Z] ----------------------------------------------------------------------
[debug] [2025-03-26T09:44:26.121Z] Command:       C:\Program Files\nodejs\node.exe C:\Users\prana\AppData\Roaming\npm\node_modules\firebase-tools\lib\bin\firebase.js init
[debug] [2025-03-26T09:44:26.121Z] CLI Version:   13.35.1
[debug] [2025-03-26T09:44:26.121Z] Platform:      win32
[debug] [2025-03-26T09:44:26.122Z] Node Version:  v22.14.0
[debug] [2025-03-26T09:44:26.122Z] Time:          Wed Mar 26 2025 15:14:26 GMT+0530 (India Standard Time)
[debug] [2025-03-26T09:44:26.122Z] ----------------------------------------------------------------------
[debug] 
[debug] [2025-03-26T09:44:26.128Z] > command requires scopes: ["email","openid","https://www.googleapis.com/auth/cloudplatformprojects.readonly","https://www.googleapis.com/auth/firebase","https://www.googleapis.com/auth/cloud-platform"]
[debug] [2025-03-26T09:44:26.128Z] > authorizing via signed-in user (gohilpsg1997@gmail.com)
[info] 
     ######## #### ########  ######## ########     ###     ######  ########
     ##        ##  ##     ## ##       ##     ##  ##   ##  ##       ##
     ######    ##  ########  ######   ########  #########  ######  ######
     ##        ##  ##    ##  ##       ##     ## ##     ##       ## ##
     ##       #### ##     ## ######## ########  ##     ##  ######  ########

You're about to initialize a Firebase project in this directory:

  C:\Nexora - OFC\frontend

Before we get started, keep in mind:

  * You are currently outside your home directory

[info] 
=== Project Setup
[info] 
[info] First, let's associate this project directory with a Firebase project.
[info] You can create multiple project aliases by running firebase use --add, 
[info] but for now we'll just set up a default project.
[info] 
[debug] [2025-03-26T09:47:31.049Z] Checked if tokens are valid: true, expires at: 1742985834443
[debug] [2025-03-26T09:47:31.049Z] Checked if tokens are valid: true, expires at: 1742985834443
[debug] [2025-03-26T09:47:31.051Z] >>> [apiv2][query] GET https://firebase.googleapis.com/v1beta1/projects pageSize=100
[debug] [2025-03-26T09:47:31.961Z] <<< [apiv2][status] GET https://firebase.googleapis.com/v1beta1/projects 200
[debug] [2025-03-26T09:47:31.962Z] <<< [apiv2][body] GET https://firebase.googleapis.com/v1beta1/projects [omitted]
[info] i  Using project nexora-booking (Nexora Booking) 
[info] 
=== Hosting Setup
[debug] [2025-03-26T09:47:34.943Z] Checked if tokens are valid: true, expires at: 1742985834443
[debug] [2025-03-26T09:47:34.943Z] Checked if tokens are valid: true, expires at: 1742985834443
[debug] [2025-03-26T09:47:34.943Z] >>> [apiv2][query] GET https://firebase.googleapis.com/v1beta1/projects/nexora-booking [none]
[debug] [2025-03-26T09:47:35.282Z] <<< [apiv2][status] GET https://firebase.googleapis.com/v1beta1/projects/nexora-booking 200
[debug] [2025-03-26T09:47:35.282Z] <<< [apiv2][body] GET https://firebase.googleapis.com/v1beta1/projects/nexora-booking {"projectId":"nexora-booking","projectNumber":"623553093405","displayName":"Nexora Booking","name":"projects/nexora-booking","resources":{"hostingSite":"nexora-booking"},"state":"ACTIVE","etag":"1_7d06eb41-cd7c-4bb1-9f28-c9934651e48f"}
[info] 
[info] Your public directory is the folder (relative to your project directory) that
[info] will contain Hosting assets to be uploaded with firebase deploy. If you
[info] have a build process for your assets, use your build's output directory.
[info] 
